2025-10-05T10:40:22: 
2025-10-05T10:40:22: > next-app-template@0.0.1 start /Users/zhaoxinyuan/projects/shadow
2025-10-05T10:40:22: > next start
2025-10-05T10:40:22: 
2025-10-05T10:40:22:    ▲ Next.js 15.3.1
2025-10-05T10:40:22:    - Local:        http://localhost:3000
2025-10-05T10:40:22:    - Network:      http://192.168.1.179:3000
2025-10-05T10:40:22: 
2025-10-05T10:40:22:  ✓ Starting...
2025-10-05T10:40:22:  ✓ Ready in 196ms
2025-10-05T10:40:33: 
2025-10-05T10:40:33: > next-app-template@0.0.1 start /Users/zhaoxinyuan/projects/shadow
2025-10-05T10:40:33: > next start
2025-10-05T10:40:33: 
2025-10-05T10:40:33:    ▲ Next.js 15.3.1
2025-10-05T10:40:33:    - Local:        http://localhost:3000
2025-10-05T10:40:33:    - Network:      http://192.168.1.179:3000
2025-10-05T10:40:33: 
2025-10-05T10:40:33:  ✓ Starting...
2025-10-05T10:40:33:  ✓ Ready in 179ms
2025-10-05T12:41:38: 
2025-10-05T12:41:38: > next-app-template@0.0.1 start /Users/zhaoxinyuan/projects/shadow
2025-10-05T12:41:38: > next start
2025-10-05T12:41:38: 
2025-10-05T12:41:38:    ▲ Next.js 15.3.1
2025-10-05T12:41:38:    - Local:        http://localhost:3000
2025-10-05T12:41:38:    - Network:      http://192.168.1.179:3000
2025-10-05T12:41:38: 
2025-10-05T12:41:38:  ✓ Starting...
2025-10-05T12:41:38:  ✓ Ready in 187ms
2025-10-05T12:41:50: 
2025-10-05T12:41:50: > next-app-template@0.0.1 start /Users/zhaoxinyuan/projects/shadow
2025-10-05T12:41:50: > next start
2025-10-05T12:41:50: 
2025-10-05T12:41:50:    ▲ Next.js 15.3.1
2025-10-05T12:41:50:    - Local:        http://localhost:3000
2025-10-05T12:41:50:    - Network:      http://192.168.1.179:3000
2025-10-05T12:41:50: 
2025-10-05T12:41:50:  ✓ Starting...
2025-10-05T12:41:50:  ✓ Ready in 178ms
2025-10-05T17:04:47: 
2025-10-05T17:04:47: > next-app-template@0.0.1 start /Users/zhaoxinyuan/projects/shadow
2025-10-05T17:04:47: > next start
2025-10-05T17:04:47: 
2025-10-05T17:04:47:    ▲ Next.js 15.3.1
2025-10-05T17:04:47:    - Local:        http://localhost:3000
2025-10-05T17:04:47:    - Network:      http://192.168.1.179:3000
2025-10-05T17:04:47: 
2025-10-05T17:04:47:  ✓ Starting...
2025-10-05T17:04:47:  ✓ Ready in 188ms
2025-10-05T17:04:59: 
2025-10-05T17:04:59: > next-app-template@0.0.1 start /Users/zhaoxinyuan/projects/shadow
2025-10-05T17:04:59: > next start
2025-10-05T17:04:59: 
2025-10-05T17:04:59:    ▲ Next.js 15.3.1
2025-10-05T17:04:59:    - Local:        http://localhost:3000
2025-10-05T17:04:59:    - Network:      http://192.168.1.179:3000
2025-10-05T17:04:59: 
2025-10-05T17:04:59:  ✓ Starting...
2025-10-05T17:04:59:  ✓ Ready in 177ms
2025-10-05T17:09:58: TTS generated successfully for sentence 8: https://oss.shadow.terriszhao.men/tts/audio/1759637397523_s0kgv0wrfq.mp3
2025-10-05T17:31:06: 
2025-10-05T17:31:06: > next-app-template@0.0.1 start /Users/zhaoxinyuan/projects/shadow
2025-10-05T17:31:06: > next start
2025-10-05T17:31:06: 
2025-10-05T17:31:07:    ▲ Next.js 15.3.1
2025-10-05T17:31:07:    - Local:        http://localhost:3000
2025-10-05T17:31:07:    - Network:      http://192.168.1.179:3000
2025-10-05T17:31:07: 
2025-10-05T17:31:07:  ✓ Starting...
2025-10-05T17:31:07:  ✓ Ready in 186ms
2025-10-05T17:31:17: 
2025-10-05T17:31:17: > next-app-template@0.0.1 start /Users/zhaoxinyuan/projects/shadow
2025-10-05T17:31:17: > next start
2025-10-05T17:31:17: 
2025-10-05T17:31:17:    ▲ Next.js 15.3.1
2025-10-05T17:31:17:    - Local:        http://localhost:3000
2025-10-05T17:31:17:    - Network:      http://192.168.1.179:3000
2025-10-05T17:31:17: 
2025-10-05T17:31:17:  ✓ Starting...
2025-10-05T17:31:18:  ✓ Ready in 184ms
2025-10-05T17:35:50: TTS generated successfully for sentence 10: https://oss.shadow.terriszhao.men/tts/audio/1759638949954_mto0gfvct2l.mp3
2025-10-05T17:39:37: TTS generated successfully for sentence 11: https://oss.shadow.terriszhao.men/tts/audio/1759639177468_6334uurzxkj.mp3
2025-10-05T17:43:13: 
2025-10-05T17:43:13: > next-app-template@0.0.1 start /Users/zhaoxinyuan/projects/shadow
2025-10-05T17:43:13: > next start
2025-10-05T17:43:13: 
2025-10-05T17:43:13:    ▲ Next.js 15.3.1
2025-10-05T17:43:13:    - Local:        http://localhost:3000
2025-10-05T17:43:13:    - Network:      http://192.168.1.179:3000
2025-10-05T17:43:13: 
2025-10-05T17:43:13:  ✓ Starting...
2025-10-05T17:43:13:  ✓ Ready in 192ms
2025-10-08T09:56:45: 
2025-10-08T09:56:45: > next-app-template@0.0.1 start /Users/zhaoxinyuan/projects/shadow
2025-10-08T09:56:45: > next start
2025-10-08T09:56:45: 
2025-10-08T09:56:46:    ▲ Next.js 15.3.1
2025-10-08T09:56:46:    - Local:        http://localhost:3000
2025-10-08T09:56:46:    - Network:      http://192.168.1.179:3000
2025-10-08T09:56:46: 
2025-10-08T09:56:46:  ✓ Starting...
2025-10-08T09:56:46:  ✓ Ready in 188ms
2025-10-08T09:59:45: 
2025-10-08T09:59:45: > next-app-template@0.0.1 start /Users/zhaoxinyuan/projects/shadow
2025-10-08T09:59:45: > next start
2025-10-08T09:59:45: 
2025-10-08T09:59:45:    ▲ Next.js 15.3.1
2025-10-08T09:59:45:    - Local:        http://localhost:3000
2025-10-08T09:59:45:    - Network:      http://192.168.1.179:3000
2025-10-08T09:59:45: 
2025-10-08T09:59:45:  ✓ Starting...
2025-10-08T09:59:45:  ✓ Ready in 186ms
2025-10-08T10:04:23: 
2025-10-08T10:04:23: > next-app-template@0.0.1 start /Users/zhaoxinyuan/projects/shadow
2025-10-08T10:04:23: > next start
2025-10-08T10:04:23: 
2025-10-08T10:04:23:    ▲ Next.js 15.3.1
2025-10-08T10:04:23:    - Local:        http://localhost:3000
2025-10-08T10:04:23:    - Network:      http://192.168.1.179:3000
2025-10-08T10:04:23: 
2025-10-08T10:04:23:  ✓ Starting...
2025-10-08T10:04:23:  ✓ Ready in 187ms
2025-10-08T10:04:34: 
2025-10-08T10:04:34: > next-app-template@0.0.1 start /Users/zhaoxinyuan/projects/shadow
2025-10-08T10:04:34: > next start
2025-10-08T10:04:34: 
2025-10-08T10:04:34:    ▲ Next.js 15.3.1
2025-10-08T10:04:34:    - Local:        http://localhost:3000
2025-10-08T10:04:34:    - Network:      http://192.168.1.179:3000
2025-10-08T10:04:34: 
2025-10-08T10:04:34:  ✓ Starting...
2025-10-08T10:04:34:  ✓ Ready in 177ms
2025-10-17T06:59:44: TTS generated successfully for sentence 12: https://oss.shadow.terriszhao.men/tts/audio/1760637583155_xl014k0eib.mp3
2025-10-17T07:09:57: TTS generated successfully for sentence 13: https://oss.shadow.terriszhao.men/tts/audio/1760638196831_ha0t4hmdyjw.mp3
2025-10-17T07:14:27: TTS generated successfully for sentence 14: https://oss.shadow.terriszhao.men/tts/audio/1760638466905_vvr2zu6cuk.mp3
2025-10-23T00:41:31: TTS generated successfully for sentence 15: https://oss.shadow.terriszhao.men/tts/audio/1761133289692_pq266uil05l.mp3
2025-10-23T00:42:01: TTS generated successfully for sentence 16: https://oss.shadow.terriszhao.men/tts/audio/1761133320488_6d6f9b9q2yh.mp3
2025-10-23T00:42:33: TTS generated successfully for sentence 17: https://oss.shadow.terriszhao.men/tts/audio/1761133353026_jqqa429dp9e.mp3
2025-10-23T00:43:10: TTS generated successfully for sentence 18: https://oss.shadow.terriszhao.men/tts/audio/1761133389850_1idv8apg1zq.mp3
2025-10-23T00:44:05: TTS generated successfully for sentence 19: https://oss.shadow.terriszhao.men/tts/audio/1761133445049_l23t5rbvj4c.mp3
2025-10-23T00:45:24: TTS generated successfully for sentence 20: https://oss.shadow.terriszhao.men/tts/audio/1761133523894_xemmelmtbv.mp3
2025-10-23T00:45:53: TTS generated successfully for sentence 21: https://oss.shadow.terriszhao.men/tts/audio/1761133553075_a5zwfcnr714.mp3
2025-10-23T00:46:32: TTS generated successfully for sentence 22: https://oss.shadow.terriszhao.men/tts/audio/1761133592223_0xg20likcb2r.mp3
2025-10-26T15:35:51: 
2025-10-26T15:35:51: > next-app-template@0.0.1 start /Users/zhaoxinyuan/projects/shadow
2025-10-26T15:35:51: > next start
2025-10-26T15:35:51: 
2025-10-26T15:35:51:    ▲ Next.js 15.3.1
2025-10-26T15:35:51:    - Local:        http://localhost:3000
2025-10-26T15:35:51:    - Network:      http://192.168.1.179:3000
2025-10-26T15:35:51: 
2025-10-26T15:35:51:  ✓ Starting...
2025-10-26T15:35:51:  ✓ Ready in 186ms
2025-11-26T00:05:53: 
2025-11-26T00:05:53: > next-app-template@0.0.1 start /Users/zhaoxinyuan/projects/shadow
2025-11-26T00:05:53: > next start
2025-11-26T00:05:53: 
2025-11-26T00:05:53:    ▲ Next.js 15.3.1
2025-11-26T00:05:53:    - Local:        http://localhost:3000
2025-11-26T00:05:53:    - Network:      http://192.168.50.127:3000
2025-11-26T00:05:53: 
2025-11-26T00:05:53:  ✓ Starting...
2025-11-26T00:05:53:  ✓ Ready in 186ms
2025-11-26T00:47:11: 
2025-11-26T00:47:11: > next-app-template@0.0.1 start /Users/zhaoxinyuan/projects/shadow
2025-11-26T00:47:11: > next start
2025-11-26T00:47:11: 
2025-11-26T00:47:12:    ▲ Next.js 15.3.1
2025-11-26T00:47:12:    - Local:        http://localhost:3000
2025-11-26T00:47:12:    - Network:      http://192.168.50.127:3000
2025-11-26T00:47:12: 
2025-11-26T00:47:12:  ✓ Starting...
2025-11-26T00:47:12:  ✓ Ready in 189ms
2025-11-26T01:07:47: 
2025-11-26T01:07:47: > next-app-template@0.0.1 start /Users/zhaoxinyuan/projects/shadow
2025-11-26T01:07:47: > next start
2025-11-26T01:07:47: 
2025-11-26T01:07:47:    ▲ Next.js 15.3.1
2025-11-26T01:07:47:    - Local:        http://localhost:3000
2025-11-26T01:07:47:    - Network:      http://192.168.50.127:3000
2025-11-26T01:07:47: 
2025-11-26T01:07:47:  ✓ Starting...
2025-11-26T01:07:47:  ✓ Ready in 186ms
2025-11-26T01:24:43: 
2025-11-26T01:24:43: > next-app-template@0.0.1 start /Users/zhaoxinyuan/projects/shadow
2025-11-26T01:24:43: > next start
2025-11-26T01:24:43: 
2025-11-26T01:24:43:    ▲ Next.js 15.3.1
2025-11-26T01:24:43:    - Local:        http://localhost:3000
2025-11-26T01:24:43:    - Network:      http://192.168.50.127:3000
2025-11-26T01:24:43: 
2025-11-26T01:24:43:  ✓ Starting...
2025-11-26T01:24:43:  ✓ Ready in 187ms
2025-11-26T14:49:24: 
2025-11-26T14:49:24: > next-app-template@0.0.1 start /Users/zhaoxinyuan/projects/shadow
2025-11-26T14:49:24: > next start
2025-11-26T14:49:24: 
2025-11-26T14:49:24:    ▲ Next.js 15.3.1
2025-11-26T14:49:24:    - Local:        http://localhost:3000
2025-11-26T14:49:24:    - Network:      http://192.168.50.127:3000
2025-11-26T14:49:24: 
2025-11-26T14:49:24:  ✓ Starting...
2025-11-26T14:49:24:  ✓ Ready in 188ms
2025-11-30T13:54:47: 
2025-11-30T13:54:47: > next-app-template@0.0.1 start /Users/zhaoxinyuan/projects/shadow
2025-11-30T13:54:47: > next start
2025-11-30T13:54:47: 
2025-11-30T13:54:47:    ▲ Next.js 15.3.1
2025-11-30T13:54:47:    - Local:        http://localhost:3000
2025-11-30T13:54:47:    - Network:      http://192.168.50.127:3000
2025-11-30T13:54:47: 
2025-11-30T13:54:47:  ✓ Starting...
2025-11-30T13:54:47:  ✓ Ready in 189ms
2025-12-02T19:01:29: 
2025-12-02T19:01:29: > shadow-english@0.0.1 start /Users/zhaoxinyuan/projects/shadow
2025-12-02T19:01:29: > next start
2025-12-02T19:01:29: 
2025-12-02T19:01:29:    ▲ Next.js 15.4.7
2025-12-02T19:01:29:    - Local:        http://localhost:3000
2025-12-02T19:01:29:    - Network:      http://192.168.50.127:3000
2025-12-02T19:01:29: 
2025-12-02T19:01:29:  ✓ Starting...
2025-12-02T19:01:29:  ✓ Ready in 188ms
2025-12-02T22:02:43: TTS generated successfully for sentence 10091: https://oss.shadow.terriszhao.men/tts/audio/1764666163527_z2v4vi6zb7o.mp3
2025-12-02T22:04:36: TTS generated successfully for sentence 10092: https://oss.shadow.terriszhao.men/tts/audio/1764666276159_41hqvz81jdg.mp3
2025-12-02T22:05:07: TTS generated successfully for sentence 10093: https://oss.shadow.terriszhao.men/tts/audio/1764666307063_kanp463hzz.mp3
2025-12-02T22:05:35: TTS generated successfully for sentence 10094: https://oss.shadow.terriszhao.men/tts/audio/1764666335704_dt295nkjmp.mp3
2025-12-02T22:06:09: TTS generated successfully for sentence 10095: https://oss.shadow.terriszhao.men/tts/audio/1764666369596_c4x2zgqxasa.mp3
2025-12-02T22:06:56: TTS generated successfully for sentence 10096: https://oss.shadow.terriszhao.men/tts/audio/1764666415973_ajrcekpl1h7.mp3
2025-12-02T22:07:28: TTS generated successfully for sentence 10097: https://oss.shadow.terriszhao.men/tts/audio/1764666447921_2625bdsl96s.mp3
2025-12-02T22:08:04: TTS generated successfully for sentence 10098: https://oss.shadow.terriszhao.men/tts/audio/1764666484259_522w16l4tee.mp3
2025-12-02T22:08:25: TTS generated successfully for sentence 10099: https://oss.shadow.terriszhao.men/tts/audio/1764666505675_wmfbum684y.mp3
2025-12-02T22:08:51: TTS generated successfully for sentence 10100: https://oss.shadow.terriszhao.men/tts/audio/1764666531727_otec72ub4e.mp3
2025-12-02T22:09:35: TTS generated successfully for sentence 10101: https://oss.shadow.terriszhao.men/tts/audio/1764666574827_7wc8wydn3oe.mp3
2025-12-02T22:09:55: TTS generated successfully for sentence 10102: https://oss.shadow.terriszhao.men/tts/audio/1764666595030_oce6vnqkt0r.mp3
2025-12-02T22:10:18: TTS generated successfully for sentence 10103: https://oss.shadow.terriszhao.men/tts/audio/1764666618275_jsmd2uabkjm.mp3
2025-12-02T22:10:44: TTS generated successfully for sentence 10104: https://oss.shadow.terriszhao.men/tts/audio/1764666644609_v53l527bbg.mp3
2025-12-02T22:11:13: TTS generated successfully for sentence 10105: https://oss.shadow.terriszhao.men/tts/audio/1764666673257_npyd8sr0fs.mp3
2025-12-02T22:11:49: TTS generated successfully for sentence 10106: https://oss.shadow.terriszhao.men/tts/audio/1764666709387_8dexnblsm0f.mp3
2025-12-02T22:12:29: TTS generated successfully for sentence 10107: https://oss.shadow.terriszhao.men/tts/audio/1764666749627_htnrpve6fgj.mp3
2025-12-02T22:12:54: TTS generated successfully for sentence 10108: https://oss.shadow.terriszhao.men/tts/audio/1764666773883_wn552oz8z6.mp3
2025-12-02T22:13:27: TTS generated successfully for sentence 10109: https://oss.shadow.terriszhao.men/tts/audio/1764666807596_81iu53jeznx.mp3
2025-12-02T22:13:55: TTS generated successfully for sentence 10110: https://oss.shadow.terriszhao.men/tts/audio/1764666835463_qftx04qa1e9.mp3
2025-12-02T22:19:08: TTS generated successfully for sentence 10111: https://oss.shadow.terriszhao.men/tts/audio/1764667148239_x5i0uz7508n.mp3
2025-12-02T22:19:27: TTS generated successfully for sentence 10112: https://oss.shadow.terriszhao.men/tts/audio/1764667166829_nloylwllk38.mp3
2025-12-02T22:19:45: TTS generated successfully for sentence 10113: https://oss.shadow.terriszhao.men/tts/audio/1764667185555_k8ml7ibimxc.mp3
2025-12-02T22:20:12: TTS generated successfully for sentence 10114: https://oss.shadow.terriszhao.men/tts/audio/1764667212051_x0tmhl30xj.mp3
2025-12-02T22:20:47: TTS generated successfully for sentence 10115: https://oss.shadow.terriszhao.men/tts/audio/1764667246858_f3c37xyvh5.mp3
2025-12-02T22:21:06: TTS generated successfully for sentence 10116: https://oss.shadow.terriszhao.men/tts/audio/1764667265929_8ggre6t2916.mp3
2025-12-02T22:21:23: TTS generated successfully for sentence 10117: https://oss.shadow.terriszhao.men/tts/audio/1764667283139_xhj2i2bzf5n.mp3
2025-12-02T22:21:39: TTS generated successfully for sentence 10118: https://oss.shadow.terriszhao.men/tts/audio/1764667299192_5uabz8tqch9.mp3
2025-12-02T22:21:58: TTS generated successfully for sentence 10119: https://oss.shadow.terriszhao.men/tts/audio/1764667318293_yqwipvtuxj.mp3
2025-12-02T22:22:18: TTS generated successfully for sentence 10120: https://oss.shadow.terriszhao.men/tts/audio/1764667337744_obr9du2ii5p.mp3
2025-12-02T22:22:44: TTS generated successfully for sentence 10121: https://oss.shadow.terriszhao.men/tts/audio/1764667364514_5geie1zjml4.mp3
2025-12-02T22:23:07: TTS generated successfully for sentence 10122: https://oss.shadow.terriszhao.men/tts/audio/1764667386915_0v3pruynilf.mp3
2025-12-02T22:23:33: TTS generated successfully for sentence 10123: https://oss.shadow.terriszhao.men/tts/audio/1764667413425_guxr1nem07.mp3
2025-12-02T22:23:49: TTS generated successfully for sentence 10124: https://oss.shadow.terriszhao.men/tts/audio/1764667428820_j3shk12fxon.mp3
2025-12-02T22:24:03: TTS generated successfully for sentence 10125: https://oss.shadow.terriszhao.men/tts/audio/1764667443444_ehztxlrffqn.mp3
2025-12-02T22:24:23: TTS generated successfully for sentence 10126: https://oss.shadow.terriszhao.men/tts/audio/1764667462823_w7ams0m984n.mp3
2025-12-02T22:24:45: TTS generated successfully for sentence 10127: https://oss.shadow.terriszhao.men/tts/audio/1764667485219_fxkazfsjqlm.mp3
2025-12-02T22:25:01: TTS generated successfully for sentence 10128: https://oss.shadow.terriszhao.men/tts/audio/1764667501202_ea5lxz7yz4g.mp3
2025-12-02T22:25:19: TTS generated successfully for sentence 10129: https://oss.shadow.terriszhao.men/tts/audio/1764667519488_hvyxzsxlve4.mp3
2025-12-02T22:25:35: TTS generated successfully for sentence 10130: https://oss.shadow.terriszhao.men/tts/audio/1764667535136_a6a7o6yd6i.mp3
2025-12-02T22:25:54: TTS generated successfully for sentence 10131: https://oss.shadow.terriszhao.men/tts/audio/1764667554120_6ewty9dkqqo.mp3
2025-12-02T22:26:28: TTS generated successfully for sentence 10132: https://oss.shadow.terriszhao.men/tts/audio/1764667587801_01075dogtaizb.mp3
2025-12-02T22:26:48: TTS generated successfully for sentence 10133: https://oss.shadow.terriszhao.men/tts/audio/1764667608170_8679ntoba9w.mp3
2025-12-02T22:27:03: TTS generated successfully for sentence 10134: https://oss.shadow.terriszhao.men/tts/audio/1764667622750_vyoiybjpjgr.mp3
2025-12-02T22:27:19: TTS generated successfully for sentence 10135: https://oss.shadow.terriszhao.men/tts/audio/1764667638833_4vxk5tjaw5p.mp3
2025-12-02T22:27:47: TTS generated successfully for sentence 10136: https://oss.shadow.terriszhao.men/tts/audio/1764667667055_m6xahe2t9yq.mp3
2025-12-02T22:28:01: TTS generated successfully for sentence 10137: https://oss.shadow.terriszhao.men/tts/audio/1764667681464_fpzihc5zpup.mp3
2025-12-02T22:28:16: TTS generated successfully for sentence 10138: https://oss.shadow.terriszhao.men/tts/audio/1764667695721_uo3vqj9kmg9.mp3
2025-12-02T22:28:42: TTS generated successfully for sentence 10139: https://oss.shadow.terriszhao.men/tts/audio/1764667721949_nfnutjurcma.mp3
2025-12-02T22:28:58: TTS generated successfully for sentence 10140: https://oss.shadow.terriszhao.men/tts/audio/1764667737871_v0u9ucsgmk.mp3
2025-12-03T00:57:50: 
2025-12-03T00:57:50: > shadow-english@0.0.1 start /Users/zhaoxinyuan/projects/shadow
2025-12-03T00:57:50: > next start
2025-12-03T00:57:50: 
2025-12-03T00:57:50:    ▲ Next.js 15.4.7
2025-12-03T00:57:50:    - Local:        http://localhost:3000
2025-12-03T00:57:50:    - Network:      http://192.168.50.127:3000
2025-12-03T00:57:50: 
2025-12-03T00:57:50:  ✓ Starting...
2025-12-03T00:57:50:  ✓ Ready in 196ms
2025-12-03T01:15:32: 
2025-12-03T01:15:32: > shadow-english@0.0.1 start /Users/zhaoxinyuan/projects/shadow
2025-12-03T01:15:32: > next start
2025-12-03T01:15:32: 
2025-12-03T01:15:32:    ▲ Next.js 15.4.7
2025-12-03T01:15:32:    - Local:        http://localhost:3000
2025-12-03T01:15:32:    - Network:      http://192.168.50.127:3000
2025-12-03T01:15:32: 
2025-12-03T01:15:32:  ✓ Starting...
2025-12-03T01:15:32:  ✓ Ready in 223ms
2025-12-03T22:45:45: 
2025-12-03T22:45:45: > shadow-english@0.0.1 start /Users/zhaoxinyuan/projects/shadow
2025-12-03T22:45:45: > next start
2025-12-03T22:45:45: 
2025-12-03T22:45:45:    ▲ Next.js 15.4.7
2025-12-03T22:45:45:    - Local:        http://localhost:3000
2025-12-03T22:45:45:    - Network:      http://192.168.50.127:3000
2025-12-03T22:45:45: 
2025-12-03T22:45:45:  ✓ Starting...
2025-12-03T22:45:45:  ✓ Ready in 189ms
2025-12-03T23:28:38: 
2025-12-03T23:28:38: > shadow-english@0.0.1 start /Users/zhaoxinyuan/projects/shadow
2025-12-03T23:28:38: > next start
2025-12-03T23:28:38: 
2025-12-03T23:28:38:    ▲ Next.js 15.4.7
2025-12-03T23:28:38:    - Local:        http://localhost:3000
2025-12-03T23:28:38:    - Network:      http://192.168.50.127:3000
2025-12-03T23:28:38: 
2025-12-03T23:28:38:  ✓ Starting...
2025-12-03T23:28:38:  ✓ Ready in 187ms
2025-12-03T23:38:55: 
2025-12-03T23:38:55: > shadow-english@0.0.1 start /Users/zhaoxinyuan/projects/shadow
2025-12-03T23:38:55: > next start
2025-12-03T23:38:55: 
2025-12-03T23:38:55:    ▲ Next.js 15.4.7
2025-12-03T23:38:55:    - Local:        http://localhost:3000
2025-12-03T23:38:55:    - Network:      http://192.168.50.127:3000
2025-12-03T23:38:55: 
2025-12-03T23:38:55:  ✓ Starting...
2025-12-03T23:38:55:  ✓ Ready in 187ms
2025-12-03T23:46:18: 
2025-12-03T23:46:18: > shadow-english@0.0.1 start /Users/zhaoxinyuan/projects/shadow
2025-12-03T23:46:18: > next start
2025-12-03T23:46:18: 
2025-12-03T23:46:18:    ▲ Next.js 15.4.7
2025-12-03T23:46:18:    - Local:        http://localhost:3000
2025-12-03T23:46:18:    - Network:      http://192.168.50.127:3000
2025-12-03T23:46:18: 
2025-12-03T23:46:18:  ✓ Starting...
2025-12-03T23:46:18:  ✓ Ready in 189ms
2025-12-03T23:50:53: 
2025-12-03T23:50:53: > shadow-english@0.0.1 start /Users/zhaoxinyuan/projects/shadow
2025-12-03T23:50:53: > next start
2025-12-03T23:50:53: 
2025-12-03T23:50:53:    ▲ Next.js 15.4.7
2025-12-03T23:50:53:    - Local:        http://localhost:3000
2025-12-03T23:50:53:    - Network:      http://192.168.50.127:3000
2025-12-03T23:50:53: 
2025-12-03T23:50:53:  ✓ Starting...
2025-12-03T23:50:53:  ✓ Ready in 187ms
2025-12-04T00:02:59: 
2025-12-04T00:02:59: > shadow-english@0.0.1 start /Users/zhaoxinyuan/projects/shadow
2025-12-04T00:02:59: > next start
2025-12-04T00:02:59: 
2025-12-04T00:03:00:    ▲ Next.js 15.4.7
2025-12-04T00:03:00:    - Local:        http://localhost:3000
2025-12-04T00:03:00:    - Network:      http://192.168.50.127:3000
2025-12-04T00:03:00: 
2025-12-04T00:03:00:  ✓ Starting...
2025-12-04T00:03:00:  ✓ Ready in 190ms
2025-12-04T00:11:00: 
2025-12-04T00:11:00: > shadow-english@0.0.1 start /Users/zhaoxinyuan/projects/shadow
2025-12-04T00:11:00: > next start
2025-12-04T00:11:00: 
2025-12-04T00:11:00:    ▲ Next.js 15.4.7
2025-12-04T00:11:00:    - Local:        http://localhost:3000
2025-12-04T00:11:00:    - Network:      http://192.168.50.127:3000
2025-12-04T00:11:00: 
2025-12-04T00:11:00:  ✓ Starting...
2025-12-04T00:11:00:  ✓ Ready in 188ms
2025-12-04T19:47:07: TTS generated successfully for sentence 10141: https://oss.shadow.terriszhao.men/tts/audio/1764830826639_8ru0bd2p2mg.mp3
2025-12-05T22:36:04: 
2025-12-05T22:36:04: > shadow-english@0.0.1 start /Users/zhaoxinyuan/projects/shadow
2025-12-05T22:36:04: > next start
2025-12-05T22:36:04: 
2025-12-05T22:36:05:    ▲ Next.js 15.4.7
2025-12-05T22:36:05:    - Local:        http://localhost:3000
2025-12-05T22:36:05:    - Network:      http://192.168.50.127:3000
2025-12-05T22:36:05: 
2025-12-05T22:36:05:  ✓ Starting...
2025-12-05T22:36:05:  ✓ Ready in 192ms
2025-12-06T01:31:48: TTS generated successfully for sentence 10142: https://oss.shadow.terriszhao.men/tts/audio/1764937908359_5on1w86cev.mp3
2025-12-07T01:09:39: TTS generated successfully for sentence 10143: https://oss.shadow.terriszhao.men/tts/audio/1765022978977_606mrz3wdo9.mp3
2025-12-07T01:09:59: TTS generated successfully for sentence 10144: https://oss.shadow.terriszhao.men/tts/audio/1765022999106_aah3ph1r0tu.mp3
2025-12-07T01:42:48: TTS generated successfully for sentence 10145: https://oss.shadow.terriszhao.men/tts/audio/1765024968539_m5c3v5l9no.mp3
2025-12-07T01:51:38: TTS generated successfully for sentence 10146: https://oss.shadow.terriszhao.men/tts/audio/1765025498310_0yo14w10uybl.mp3
2025-12-07T01:53:04: TTS generated successfully for sentence 10147: https://oss.shadow.terriszhao.men/tts/audio/1765025584263_waprx8tjwrf.mp3
2025-12-07T01:55:49: TTS generated successfully for sentence 10148: https://oss.shadow.terriszhao.men/tts/audio/1765025749267_f6ftupli2y.mp3
2025-12-07T01:56:41: TTS generated successfully for sentence 10149: https://oss.shadow.terriszhao.men/tts/audio/1765025801749_hrkbhz8wj1h.mp3
2025-12-07T01:58:41: TTS generated successfully for sentence 10150: https://oss.shadow.terriszhao.men/tts/audio/1765025921050_be6xt9d6kl.mp3
2025-12-07T02:00:36: TTS generated successfully for sentence 10151: https://oss.shadow.terriszhao.men/tts/audio/1765026035983_c9xkvnulvkw.mp3
2025-12-07T02:02:19: TTS generated successfully for sentence 10152: https://oss.shadow.terriszhao.men/tts/audio/1765026139390_1lmdhgxbdjeh.mp3
2025-12-07T02:03:33: TTS generated successfully for sentence 10153: https://oss.shadow.terriszhao.men/tts/audio/1765026213157_t9opb0ygvek.mp3
2025-12-09T23:52:41: 
2025-12-09T23:52:41: > shadow-english@0.0.1 start /Users/zhaoxinyuan/projects/shadow
2025-12-09T23:52:41: > next start
2025-12-09T23:52:41: 
2025-12-09T23:52:41:    ▲ Next.js 15.4.7
2025-12-09T23:52:41:    - Local:        http://localhost:3000
2025-12-09T23:52:41:    - Network:      http://192.168.50.127:3000
2025-12-09T23:52:41: 
2025-12-09T23:52:41:  ✓ Starting...
2025-12-09T23:52:41:  ✓ Ready in 189ms
2025-12-09T23:54:14: 
2025-12-09T23:54:14: > shadow-english@0.0.1 start /Users/zhaoxinyuan/projects/shadow
2025-12-09T23:54:14: > next start
2025-12-09T23:54:14: 
2025-12-09T23:54:15:    ▲ Next.js 15.4.7
2025-12-09T23:54:15:    - Local:        http://localhost:3000
2025-12-09T23:54:15:    - Network:      http://192.168.50.127:3000
2025-12-09T23:54:15: 
2025-12-09T23:54:15:  ✓ Starting...
2025-12-09T23:54:15:  ✓ Ready in 185ms
2025-12-10T20:46:55: 
2025-12-10T20:46:55: > shadow-english@0.0.1 start /Users/zhaoxinyuan/projects/shadow
2025-12-10T20:46:55: > next start
2025-12-10T20:46:55: 
2025-12-10T20:46:56:    ▲ Next.js 15.4.7
2025-12-10T20:46:56:    - Local:        http://localhost:3000
2025-12-10T20:46:56:    - Network:      http://192.168.50.127:3000
2025-12-10T20:46:56: 
2025-12-10T20:46:56:  ✓ Starting...
2025-12-10T20:46:56:  ✓ Ready in 191ms
2025-12-11T12:16:17: 
2025-12-11T12:16:17: > shadow-english@0.0.1 start /Users/zhaoxinyuan/projects/shadow
2025-12-11T12:16:17: > next start
2025-12-11T12:16:17: 
2025-12-11T12:16:17:    ▲ Next.js 15.4.7
2025-12-11T12:16:17:    - Local:        http://localhost:3000
2025-12-11T12:16:17:    - Network:      http://192.168.50.127:3000
2025-12-11T12:16:17: 
2025-12-11T12:16:17:  ✓ Starting...
2025-12-11T12:16:17:  ✓ Ready in 189ms
2025-12-11T21:07:45: TTS generated successfully for sentence 10154: https://oss.shadow.terriszhao.men/tts/audio/1765440464874_19ymyfcbene.mp3
2025-12-11T22:31:05: TTS generated successfully for sentence 10155: https://oss.shadow.terriszhao.men/tts/audio/1765445465708_mbw2j20fupm.mp3
2025-12-11T22:31:52: TTS generated successfully for sentence 10156: https://oss.shadow.terriszhao.men/tts/audio/1765445512763_tlqslp5e0w.mp3
2025-12-11T22:32:30: TTS generated successfully for sentence 10157: https://oss.shadow.terriszhao.men/tts/audio/1765445549757_haxoelrhgm.mp3
2025-12-11T22:33:11: TTS generated successfully for sentence 10158: https://oss.shadow.terriszhao.men/tts/audio/1765445591584_6r544lfaeef.mp3
2025-12-11T22:33:55: TTS generated successfully for sentence 10159: https://oss.shadow.terriszhao.men/tts/audio/1765445634905_xpdpk85pbhg.mp3
2025-12-11T22:34:39: TTS generated successfully for sentence 10160: https://oss.shadow.terriszhao.men/tts/audio/1765445679014_kbabszj57fr.mp3
2025-12-11T22:35:41: TTS generated successfully for sentence 10161: https://oss.shadow.terriszhao.men/tts/audio/1765445741374_yv1i1bapqu.mp3
2025-12-11T22:36:37: TTS generated successfully for sentence 10162: https://oss.shadow.terriszhao.men/tts/audio/1765445796872_lrht1yd0e5q.mp3
2025-12-11T22:37:19: TTS generated successfully for sentence 10163: https://oss.shadow.terriszhao.men/tts/audio/1765445839456_vy439j23fo9.mp3
2025-12-11T22:38:06: TTS generated successfully for sentence 10164: https://oss.shadow.terriszhao.men/tts/audio/1765445886791_9w1khlhodzf.mp3
2025-12-11T22:39:05: TTS generated successfully for sentence 10165: https://oss.shadow.terriszhao.men/tts/audio/1765445945626_8xhuuzt32xx.mp3
2025-12-11T22:39:49: TTS generated successfully for sentence 10166: https://oss.shadow.terriszhao.men/tts/audio/1765445989153_v56wwwesr8a.mp3
2025-12-11T22:40:17: TTS generated successfully for sentence 10167: https://oss.shadow.terriszhao.men/tts/audio/1765446017553_sbsr5f1uqv.mp3
2025-12-11T22:41:06: TTS generated successfully for sentence 10168: https://oss.shadow.terriszhao.men/tts/audio/1765446066167_e1z1w17z71t.mp3
2025-12-11T22:41:42: TTS generated successfully for sentence 10169: https://oss.shadow.terriszhao.men/tts/audio/1765446102735_zznnkcurqug.mp3
2025-12-11T22:42:30: TTS generated successfully for sentence 10170: https://oss.shadow.terriszhao.men/tts/audio/1765446150494_gr1hv732nhd.mp3
2025-12-11T22:48:19: TTS generated successfully for sentence 10171: https://oss.shadow.terriszhao.men/tts/audio/1765446499544_o52mryc3pe.mp3
2025-12-11T22:48:55: TTS generated successfully for sentence 10172: https://oss.shadow.terriszhao.men/tts/audio/1765446535599_00c2v295wmad.mp3
2025-12-11T22:49:50: TTS generated successfully for sentence 10173: https://oss.shadow.terriszhao.men/tts/audio/1765446590164_0mqo6f3bafzi.mp3
2025-12-11T22:50:31: TTS generated successfully for sentence 10174: https://oss.shadow.terriszhao.men/tts/audio/1765446630885_i0sp2gsfgph.mp3
2025-12-11T22:52:10: TTS generated successfully for sentence 10175: https://oss.shadow.terriszhao.men/tts/audio/1765446730326_pm04rao945m.mp3
2025-12-11T22:52:45: TTS generated successfully for sentence 10176: https://oss.shadow.terriszhao.men/tts/audio/1765446764794_13g4i1js4tfb.mp3
2025-12-11T22:53:32: TTS generated successfully for sentence 10177: https://oss.shadow.terriszhao.men/tts/audio/1765446812590_j4c0zzqnsi.mp3
2025-12-11T22:54:34: TTS generated successfully for sentence 10178: https://oss.shadow.terriszhao.men/tts/audio/1765446874254_3tjcypejyuo.mp3
2025-12-11T22:55:23: TTS generated successfully for sentence 10179: https://oss.shadow.terriszhao.men/tts/audio/1765446923604_g6vd6qd3d7.mp3
2025-12-11T22:56:02: TTS generated successfully for sentence 10180: https://oss.shadow.terriszhao.men/tts/audio/1765446962197_zs6da5wxqr8.mp3
2025-12-11T22:56:55: TTS generated successfully for sentence 10181: https://oss.shadow.terriszhao.men/tts/audio/1765447015076_o7d6br1fptn.mp3
2025-12-11T22:57:38: TTS generated successfully for sentence 10182: https://oss.shadow.terriszhao.men/tts/audio/1765447058537_wtvj4lidz2r.mp3
2025-12-11T22:58:57: TTS generated successfully for sentence 10183: https://oss.shadow.terriszhao.men/tts/audio/1765447137466_vfnb2yj6onn.mp3
2025-12-11T22:59:33: TTS generated successfully for sentence 10184: https://oss.shadow.terriszhao.men/tts/audio/1765447173457_q1u4dhsqyn9.mp3
2025-12-11T23:00:28: TTS generated successfully for sentence 10185: https://oss.shadow.terriszhao.men/tts/audio/1765447228417_dtazq924uol.mp3
2025-12-11T23:01:21: TTS generated successfully for sentence 10186: https://oss.shadow.terriszhao.men/tts/audio/1765447281025_9qch8gy8w.mp3
2025-12-11T23:02:12: TTS generated successfully for sentence 10187: https://oss.shadow.terriszhao.men/tts/audio/1765447331869_szw1nzarukf.mp3
2025-12-11T23:02:52: TTS generated successfully for sentence 10188: https://oss.shadow.terriszhao.men/tts/audio/1765447372664_vbw45015uxp.mp3
2025-12-11T23:03:32: TTS generated successfully for sentence 10189: https://oss.shadow.terriszhao.men/tts/audio/1765447412495_o9vjbea2bc8.mp3
2025-12-11T23:04:30: TTS generated successfully for sentence 10190: https://oss.shadow.terriszhao.men/tts/audio/1765447470503_kisnqevjh5o.mp3
2025-12-11T23:05:32: TTS generated successfully for sentence 10191: https://oss.shadow.terriszhao.men/tts/audio/1765447532352_fp6dp59mhm4.mp3
2025-12-11T23:06:30: TTS generated successfully for sentence 10192: https://oss.shadow.terriszhao.men/tts/audio/1765447590001_mnevzk0vqw.mp3
2025-12-11T23:07:10: TTS generated successfully for sentence 10193: https://oss.shadow.terriszhao.men/tts/audio/1765447630501_48aernv98wf.mp3
2025-12-11T23:07:51: TTS generated successfully for sentence 10194: https://oss.shadow.terriszhao.men/tts/audio/1765447671050_bvwhnszf54k.mp3
2025-12-11T23:08:36: TTS generated successfully for sentence 10195: https://oss.shadow.terriszhao.men/tts/audio/1765447716139_r9hhz3htxs.mp3
2025-12-11T23:09:16: TTS generated successfully for sentence 10196: https://oss.shadow.terriszhao.men/tts/audio/1765447756133_p56r63itwj.mp3
2025-12-11T23:10:06: TTS generated successfully for sentence 10197: https://oss.shadow.terriszhao.men/tts/audio/1765447806635_kefsq5r8tu.mp3
2025-12-11T23:10:45: TTS generated successfully for sentence 10198: https://oss.shadow.terriszhao.men/tts/audio/1765447844684_7k2zgxoz7mr.mp3
2025-12-11T23:11:33: TTS generated successfully for sentence 10199: https://oss.shadow.terriszhao.men/tts/audio/1765447893376_xgi67q9bvr.mp3
2025-12-11T23:12:07: TTS generated successfully for sentence 10200: https://oss.shadow.terriszhao.men/tts/audio/1765447927569_wdudlfte9i.mp3
2025-12-11T23:12:54: TTS generated successfully for sentence 10201: https://oss.shadow.terriszhao.men/tts/audio/1765447974313_i8ygefndy1.mp3
2025-12-11T23:13:43: TTS generated successfully for sentence 10202: https://oss.shadow.terriszhao.men/tts/audio/1765448022867_gcw40kalvne.mp3
2025-12-12T09:54:00: TTS generated successfully for sentence 10203: https://oss.shadow.terriszhao.men/tts/audio/1765486440038_9tomu6twwv4.mp3
2025-12-12T09:54:34: TTS generated successfully for sentence 10204: https://oss.shadow.terriszhao.men/tts/audio/1765486474289_sbv6inktt8.mp3
2025-12-12T09:56:00: TTS generated successfully for sentence 10205: https://oss.shadow.terriszhao.men/tts/audio/1765486560466_fsaco8j43u.mp3
2025-12-12T09:56:29: TTS generated successfully for sentence 10206: https://oss.shadow.terriszhao.men/tts/audio/1765486589674_7bt24hob5tj.mp3
2025-12-12T09:58:36: TTS generated successfully for sentence 10207: https://oss.shadow.terriszhao.men/tts/audio/1765486716084_u7cex0vztec.mp3
2025-12-12T09:58:51: TTS generated successfully for sentence 10208: https://oss.shadow.terriszhao.men/tts/audio/1765486731355_pp06klg763.mp3
2025-12-12T09:59:07: TTS generated successfully for sentence 10209: https://oss.shadow.terriszhao.men/tts/audio/1765486747254_9an8l5otugi.mp3
2025-12-12T09:59:45: TTS generated successfully for sentence 10210: https://oss.shadow.terriszhao.men/tts/audio/1765486785426_rxkei5x70ya.mp3
2025-12-12T10:00:01: TTS generated successfully for sentence 10211: https://oss.shadow.terriszhao.men/tts/audio/1765486801237_u4f4lbn0j1d.mp3
2025-12-12T10:00:27: TTS generated successfully for sentence 10212: https://oss.shadow.terriszhao.men/tts/audio/1765486827518_8g638wql8ec.mp3
2025-12-12T10:00:44: TTS generated successfully for sentence 10213: https://oss.shadow.terriszhao.men/tts/audio/1765486844601_9idu7e9dr7b.mp3
2025-12-12T10:01:05: TTS generated successfully for sentence 10214: https://oss.shadow.terriszhao.men/tts/audio/1765486864822_pnpqkt37bg.mp3
2025-12-12T10:01:25: TTS generated successfully for sentence 10215: https://oss.shadow.terriszhao.men/tts/audio/1765486884781_w9m169upn8.mp3
2025-12-12T10:01:40: TTS generated successfully for sentence 10216: https://oss.shadow.terriszhao.men/tts/audio/1765486900305_8tufotkd25k.mp3
2025-12-12T10:01:56: TTS generated successfully for sentence 10217: https://oss.shadow.terriszhao.men/tts/audio/1765486916646_8adxjbmh41k.mp3
2025-12-12T10:02:15: TTS generated successfully for sentence 10218: https://oss.shadow.terriszhao.men/tts/audio/1765486935566_reoct4r8y1.mp3
2025-12-12T10:02:34: TTS generated successfully for sentence 10219: https://oss.shadow.terriszhao.men/tts/audio/1765486954049_vlu0dr49ok9.mp3
2025-12-12T10:03:01: TTS generated successfully for sentence 10220: https://oss.shadow.terriszhao.men/tts/audio/1765486981422_d7ebsw3ys2r.mp3
2025-12-12T10:03:19: TTS generated successfully for sentence 10221: https://oss.shadow.terriszhao.men/tts/audio/1765486999783_56eu7cqmfse.mp3
2025-12-12T10:03:58: TTS generated successfully for sentence 10222: https://oss.shadow.terriszhao.men/tts/audio/1765487038253_8plg8uftyoo.mp3
2025-12-12T10:04:14: TTS generated successfully for sentence 10223: https://oss.shadow.terriszhao.men/tts/audio/1765487053882_kjj2p7xf8co.mp3
2025-12-12T10:04:39: TTS generated successfully for sentence 10224: https://oss.shadow.terriszhao.men/tts/audio/1765487079605_uget5d2rrl.mp3
2025-12-12T10:05:00: TTS generated successfully for sentence 10225: https://oss.shadow.terriszhao.men/tts/audio/1765487100228_ezq95uvp0wl.mp3
2025-12-12T10:05:16: TTS generated successfully for sentence 10226: https://oss.shadow.terriszhao.men/tts/audio/1765487116707_jtn7ejaff0s.mp3
2025-12-12T10:05:36: TTS generated successfully for sentence 10227: https://oss.shadow.terriszhao.men/tts/audio/1765487136311_q7b5xo46tdd.mp3
2025-12-12T10:05:51: TTS generated successfully for sentence 10228: https://oss.shadow.terriszhao.men/tts/audio/1765487150880_wjtjnb8m1jg.mp3
2025-12-12T10:06:05: TTS generated successfully for sentence 10229: https://oss.shadow.terriszhao.men/tts/audio/1765487165638_vznpre9htdk.mp3
2025-12-12T10:06:20: TTS generated successfully for sentence 10230: https://oss.shadow.terriszhao.men/tts/audio/1765487180394_ubwdtqfpgo.mp3
2025-12-12T10:07:07: TTS generated successfully for sentence 10231: https://oss.shadow.terriszhao.men/tts/audio/1765487227009_kbfgy8yumvf.mp3
2025-12-12T10:07:28: TTS generated successfully for sentence 10232: https://oss.shadow.terriszhao.men/tts/audio/1765487248491_pzxoaqr9oa.mp3
2025-12-12T10:07:49: TTS generated successfully for sentence 10233: https://oss.shadow.terriszhao.men/tts/audio/1765487269593_gzqonuby19c.mp3
2025-12-12T10:08:10: TTS generated successfully for sentence 10234: https://oss.shadow.terriszhao.men/tts/audio/1765487290058_a78xq2bhulm.mp3
2025-12-12T10:08:26: TTS generated successfully for sentence 10235: https://oss.shadow.terriszhao.men/tts/audio/1765487305973_klck6dyof38.mp3
2025-12-12T10:08:39: TTS generated successfully for sentence 10236: https://oss.shadow.terriszhao.men/tts/audio/1765487319349_8ijuviat3q6.mp3
2025-12-12T10:08:56: TTS generated successfully for sentence 10237: https://oss.shadow.terriszhao.men/tts/audio/1765487335849_r2fb8c26ah.mp3
2025-12-12T10:09:10: TTS generated successfully for sentence 10238: https://oss.shadow.terriszhao.men/tts/audio/1765487350059_ngvincyf62.mp3
2025-12-12T10:09:24: TTS generated successfully for sentence 10239: https://oss.shadow.terriszhao.men/tts/audio/1765487364819_au6ekgbf0bl.mp3
2025-12-12T10:09:38: TTS generated successfully for sentence 10240: https://oss.shadow.terriszhao.men/tts/audio/1765487378328_ixrz9b2jzzs.mp3
2025-12-12T10:09:52: TTS generated successfully for sentence 10241: https://oss.shadow.terriszhao.men/tts/audio/1765487392415_z8ptrb7blh9.mp3
2025-12-12T10:11:14: TTS generated successfully for sentence 10242: https://oss.shadow.terriszhao.men/tts/audio/1765487474785_lrzdjszqzr.mp3
2025-12-12T10:11:37: TTS generated successfully for sentence 10243: https://oss.shadow.terriszhao.men/tts/audio/1765487497443_1shrygzv1wh.mp3
2025-12-12T10:12:18: TTS generated successfully for sentence 10244: https://oss.shadow.terriszhao.men/tts/audio/1765487538333_f7ll8jxnfij.mp3
2025-12-12T10:12:40: TTS generated successfully for sentence 10245: https://oss.shadow.terriszhao.men/tts/audio/1765487560178_9rb4y5awuwf.mp3
2025-12-12T10:13:06: TTS generated successfully for sentence 10246: https://oss.shadow.terriszhao.men/tts/audio/1765487585868_der5jq2jknq.mp3
2025-12-12T10:13:30: TTS generated successfully for sentence 10247: https://oss.shadow.terriszhao.men/tts/audio/1765487610388_qd0zjo28my8.mp3
2025-12-12T10:13:51: TTS generated successfully for sentence 10248: https://oss.shadow.terriszhao.men/tts/audio/1765487631162_aphaecpp03d.mp3
2025-12-12T10:14:09: TTS generated successfully for sentence 10249: https://oss.shadow.terriszhao.men/tts/audio/1765487649786_zsn290ddo8.mp3
2025-12-12T10:14:32: TTS generated successfully for sentence 10250: https://oss.shadow.terriszhao.men/tts/audio/1765487672384_szdpfpxzlze.mp3
2025-12-12T10:16:51: TTS generated successfully for sentence 10251: https://oss.shadow.terriszhao.men/tts/audio/1765487810948_xfn3yxt54hh.mp3
2025-12-12T10:17:07: TTS generated successfully for sentence 10252: https://oss.shadow.terriszhao.men/tts/audio/1765487827353_csufxbj3yx.mp3
2025-12-12T10:17:30: TTS generated successfully for sentence 10253: https://oss.shadow.terriszhao.men/tts/audio/1765487850148_87n727te6ey.mp3
2025-12-12T10:17:47: TTS generated successfully for sentence 10254: https://oss.shadow.terriszhao.men/tts/audio/1765487867060_f1pn1lchnd.mp3
2025-12-12T10:18:14: TTS generated successfully for sentence 10255: https://oss.shadow.terriszhao.men/tts/audio/1765487894149_6q13ojulh4g.mp3
2025-12-12T10:18:35: TTS generated successfully for sentence 10256: https://oss.shadow.terriszhao.men/tts/audio/1765487915476_2gr1zwguuxg.mp3
2025-12-12T10:18:49: TTS generated successfully for sentence 10257: https://oss.shadow.terriszhao.men/tts/audio/1765487929540_fywmti1gvs.mp3
2025-12-12T10:19:20: TTS generated successfully for sentence 10258: https://oss.shadow.terriszhao.men/tts/audio/1765487959859_75vqf141oqq.mp3
2025-12-12T10:20:12: TTS generated successfully for sentence 10259: https://oss.shadow.terriszhao.men/tts/audio/1765488012212_g5neuq91djt.mp3
2025-12-12T10:20:37: TTS generated successfully for sentence 10260: https://oss.shadow.terriszhao.men/tts/audio/1765488037330_yt3yg6w5eb.mp3
2025-12-12T10:21:05: TTS generated successfully for sentence 10261: https://oss.shadow.terriszhao.men/tts/audio/1765488065222_czy7dvpqopi.mp3
2025-12-12T10:21:23: TTS generated successfully for sentence 10262: https://oss.shadow.terriszhao.men/tts/audio/1765488083381_6k10poss3k4.mp3
2025-12-12T10:21:40: TTS generated successfully for sentence 10263: https://oss.shadow.terriszhao.men/tts/audio/1765488100026_oif4txhwx0l.mp3
2025-12-12T10:22:22: TTS generated successfully for sentence 10264: https://oss.shadow.terriszhao.men/tts/audio/1765488141749_kfv1fzyimo.mp3
2025-12-12T10:22:36: TTS generated successfully for sentence 10265: https://oss.shadow.terriszhao.men/tts/audio/1765488156557_rk5r2d5zs7r.mp3
2025-12-12T10:23:19: TTS generated successfully for sentence 10266: https://oss.shadow.terriszhao.men/tts/audio/1765488198777_8ora95dx79.mp3
2025-12-12T10:23:29: TTS generated successfully for sentence 10267: https://oss.shadow.terriszhao.men/tts/audio/1765488208788_ukphken2uck.mp3
2025-12-12T10:23:43: TTS generated successfully for sentence 10268: https://oss.shadow.terriszhao.men/tts/audio/1765488222816_1dsnz2iwnp.mp3
2025-12-12T10:24:17: TTS generated successfully for sentence 10269: https://oss.shadow.terriszhao.men/tts/audio/1765488257051_isuc85u26m.mp3
2025-12-12T10:24:31: TTS generated successfully for sentence 10270: https://oss.shadow.terriszhao.men/tts/audio/1765488271466_6kanxetl4m5.mp3
2025-12-12T10:24:47: TTS generated successfully for sentence 10271: https://oss.shadow.terriszhao.men/tts/audio/1765488287162_bf9b56csfsw.mp3
2025-12-12T10:25:03: TTS generated successfully for sentence 10272: https://oss.shadow.terriszhao.men/tts/audio/1765488303290_1wz3wu6gf5.mp3
2025-12-12T10:25:24: TTS generated successfully for sentence 10273: https://oss.shadow.terriszhao.men/tts/audio/1765488324476_9o7merfu17b.mp3
2025-12-12T10:25:40: TTS generated successfully for sentence 10274: https://oss.shadow.terriszhao.men/tts/audio/1765488340384_ncyj8od063q.mp3
2025-12-12T10:26:05: TTS generated successfully for sentence 10275: https://oss.shadow.terriszhao.men/tts/audio/1765488364841_shxf9de5jf.mp3
2025-12-12T10:26:27: TTS generated successfully for sentence 10276: https://oss.shadow.terriszhao.men/tts/audio/1765488387721_t860b5nxauf.mp3
2025-12-12T10:26:52: TTS generated successfully for sentence 10277: https://oss.shadow.terriszhao.men/tts/audio/1765488412336_iyq4nupzx6.mp3
2025-12-12T10:27:14: TTS generated successfully for sentence 10278: https://oss.shadow.terriszhao.men/tts/audio/1765488433801_jq93jtpp2d.mp3
2025-12-12T10:27:34: TTS generated successfully for sentence 10279: https://oss.shadow.terriszhao.men/tts/audio/1765488454699_hj518wnd5hn.mp3
2025-12-12T10:27:48: TTS generated successfully for sentence 10280: https://oss.shadow.terriszhao.men/tts/audio/1765488468720_w8byr8bebes.mp3
2025-12-12T10:28:09: TTS generated successfully for sentence 10281: https://oss.shadow.terriszhao.men/tts/audio/1765488488923_ky3vn0txkx.mp3
2025-12-12T10:28:28: TTS generated successfully for sentence 10282: https://oss.shadow.terriszhao.men/tts/audio/1765488508500_xw7xj4jb0ja.mp3
2025-12-12T10:29:00: TTS generated successfully for sentence 10283: https://oss.shadow.terriszhao.men/tts/audio/1765488540268_u8mufel3xzs.mp3
2025-12-12T10:29:30: TTS generated successfully for sentence 10284: https://oss.shadow.terriszhao.men/tts/audio/1765488570690_sm0h6nyyhwb.mp3
2025-12-12T11:56:13: TTS generated successfully for sentence 10285: https://oss.shadow.terriszhao.men/tts/audio/1765493773596_tnjpio6n26a.mp3
2025-12-12T11:57:29: TTS generated successfully for sentence 10286: https://oss.shadow.terriszhao.men/tts/audio/1765493848996_9wcleex58g.mp3
2025-12-12T11:58:14: TTS generated successfully for sentence 10287: https://oss.shadow.terriszhao.men/tts/audio/1765493893657_73p4agjqaxg.mp3
2025-12-12T11:59:13: TTS generated successfully for sentence 10288: https://oss.shadow.terriszhao.men/tts/audio/1765493953332_q03ch135c1.mp3
2025-12-12T11:59:54: TTS generated successfully for sentence 10289: https://oss.shadow.terriszhao.men/tts/audio/1765493993941_27pvfjelpfj.mp3
2025-12-12T12:00:46: TTS generated successfully for sentence 10290: https://oss.shadow.terriszhao.men/tts/audio/1765494046524_nbf70s0z7.mp3
2025-12-12T12:02:13: TTS generated successfully for sentence 10291: https://oss.shadow.terriszhao.men/tts/audio/1765494133099_obkeg1r52xe.mp3
2025-12-12T12:04:04: TTS generated successfully for sentence 10292: https://oss.shadow.terriszhao.men/tts/audio/1765494244512_bv0kurg1nga.mp3
2025-12-12T12:11:26: TTS generated successfully for sentence 10293: https://oss.shadow.terriszhao.men/tts/audio/1765494685872_koy8stb7pye.mp3
2025-12-12T12:12:46: TTS generated successfully for sentence 10294: https://oss.shadow.terriszhao.men/tts/audio/1765494766355_1hhuk25erwii.mp3
2025-12-12T12:14:32: TTS generated successfully for sentence 10295: https://oss.shadow.terriszhao.men/tts/audio/1765494872495_hyni0dk6hys.mp3
2025-12-12T12:15:56: TTS generated successfully for sentence 10296: https://oss.shadow.terriszhao.men/tts/audio/1765494956086_bwcrd3zyftd.mp3
2025-12-12T12:16:50: TTS generated successfully for sentence 10297: https://oss.shadow.terriszhao.men/tts/audio/1765495010521_owsrlhp061.mp3
2025-12-12T12:18:11: TTS generated successfully for sentence 10298: https://oss.shadow.terriszhao.men/tts/audio/1765495091006_zeq0iskxoz.mp3
2025-12-12T12:21:07: TTS generated successfully for sentence 10299: https://oss.shadow.terriszhao.men/tts/audio/1765495267451_q56zcy9phng.mp3
2025-12-12T12:22:36: TTS generated successfully for sentence 10300: https://oss.shadow.terriszhao.men/tts/audio/1765495356012_y7tabcslxf.mp3
2025-12-12T12:23:29: TTS generated successfully for sentence 10301: https://oss.shadow.terriszhao.men/tts/audio/1765495409652_qf43gid97f.mp3
2025-12-12T12:24:54: TTS generated successfully for sentence 10302: https://oss.shadow.terriszhao.men/tts/audio/1765495493903_rs9k860xq6n.mp3
2025-12-12T12:26:20: TTS generated successfully for sentence 10303: https://oss.shadow.terriszhao.men/tts/audio/1765495580522_qb49zg4ggrp.mp3
2025-12-12T12:30:28: TTS generated successfully for sentence 10304: https://oss.shadow.terriszhao.men/tts/audio/1765495828438_frd15241a9s.mp3
2025-12-12T12:42:32: TTS generated successfully for sentence 10305: https://oss.shadow.terriszhao.men/tts/audio/1765496552307_blzvr0hz7a8.mp3
2025-12-16T23:39:13: 
2025-12-16T23:39:13: > shadow-english@0.0.1 start /Users/zhaoxinyuan/projects/shadow
2025-12-16T23:39:13: > next start
2025-12-16T23:39:13: 
2025-12-16T23:39:13:    ▲ Next.js 15.4.7
2025-12-16T23:39:13:    - Local:        http://localhost:3000
2025-12-16T23:39:13:    - Network:      http://192.168.50.127:3000
2025-12-16T23:39:13: 
2025-12-16T23:39:13:  ✓ Starting...
2025-12-16T23:39:13:  ✓ Ready in 196ms
2025-12-20T15:36:13: 
2025-12-20T15:36:13: > shadow-english@0.0.1 start /Users/zhaoxinyuan/projects/shadow
2025-12-20T15:36:13: > next start
2025-12-20T15:36:13: 
2025-12-20T15:36:13:    ▲ Next.js 15.4.7
2025-12-20T15:36:13:    - Local:        http://localhost:3000
2025-12-20T15:36:13:    - Network:      http://192.168.50.127:3000
2025-12-20T15:36:13: 
2025-12-20T15:36:13:  ✓ Starting...
2025-12-20T15:36:13:  ✓ Ready in 193ms
2025-12-20T16:00:03: 
2025-12-20T16:00:03: > shadow-english@0.0.1 start /Users/zhaoxinyuan/projects/shadow
2025-12-20T16:00:03: > next start
2025-12-20T16:00:03: 
2025-12-20T16:00:03:    ▲ Next.js 15.4.7
2025-12-20T16:00:03:    - Local:        http://localhost:3000
2025-12-20T16:00:03:    - Network:      http://192.168.50.127:3000
2025-12-20T16:00:03: 
2025-12-20T16:00:03:  ✓ Starting...
2025-12-20T16:00:03:  ✓ Ready in 190ms
2025-12-25T09:32:37: 
2025-12-25T09:32:37: > shadow-english@0.0.1 start /Users/zhaoxinyuan/projects/shadow
2025-12-25T09:32:37: > next start
2025-12-25T09:32:37: 
2025-12-25T09:32:37:    ▲ Next.js 15.4.7
2025-12-25T09:32:37:    - Local:        http://localhost:3000
2025-12-25T09:32:37:    - Network:      http://192.168.50.127:3000
2025-12-25T09:32:37: 
2025-12-25T09:32:37:  ✓ Starting...
2025-12-25T09:32:37:  ✓ Ready in 187ms
2026-01-05T12:35:41: 
2026-01-05T12:35:41: > shadow-english@0.0.1 start /Users/zhaoxinyuan/projects/shadow
2026-01-05T12:35:41: > next start
2026-01-05T12:35:41: 
2026-01-05T12:35:41:    ▲ Next.js 15.4.7
2026-01-05T12:35:41:    - Local:        http://localhost:3000
2026-01-05T12:35:41:    - Network:      http://192.168.50.127:3000
2026-01-05T12:35:41: 
2026-01-05T12:35:41:  ✓ Starting...
2026-01-05T12:35:41:  ✓ Ready in 195ms
2026-01-18T15:54:53: 
2026-01-18T15:54:53: > shadow-english@0.0.1 start /Users/zhaoxinyuan/projects/shadow
2026-01-18T15:54:53: > next start
2026-01-18T15:54:53: 
2026-01-18T15:54:53:    ▲ Next.js 15.4.7
2026-01-18T15:54:53:    - Local:        http://localhost:3000
2026-01-18T15:54:53:    - Network:      http://192.168.50.127:3000
2026-01-18T15:54:53: 
2026-01-18T15:54:53:  ✓ Starting...
2026-01-18T15:54:53:  ✓ Ready in 197ms
2026-01-18T16:00:45: 
2026-01-18T16:00:45: > shadow-english@0.0.1 start /Users/zhaoxinyuan/projects/shadow
2026-01-18T16:00:45: > next start
2026-01-18T16:00:45: 
2026-01-18T16:00:45:    ▲ Next.js 15.4.7
2026-01-18T16:00:45:    - Local:        http://localhost:3000
2026-01-18T16:00:45:    - Network:      http://192.168.50.127:3000
2026-01-18T16:00:45: 
2026-01-18T16:00:45:  ✓ Starting...
2026-01-18T16:00:45:  ✓ Ready in 192ms
2026-01-18T16:01:20: 
2026-01-18T16:01:20: > shadow-english@0.0.1 start /Users/zhaoxinyuan/projects/shadow
2026-01-18T16:01:20: > next start
2026-01-18T16:01:20: 
2026-01-18T16:01:20:    ▲ Next.js 15.4.7
2026-01-18T16:01:20:    - Local:        http://localhost:3000
2026-01-18T16:01:20:    - Network:      http://192.168.50.127:3000
2026-01-18T16:01:20: 
2026-01-18T16:01:20:  ✓ Starting...
2026-01-18T16:01:20:  ✓ Ready in 191ms
2026-01-29T06:39:20: 
2026-01-29T06:39:20: > shadow-english@0.0.1 start /Users/zhaoxinyuan/projects/shadow
2026-01-29T06:39:20: > next start
2026-01-29T06:39:20: 
2026-01-29T06:39:20:    ▲ Next.js 15.4.7
2026-01-29T06:39:20:    - Local:        http://localhost:3000
2026-01-29T06:39:20:    - Network:      http://192.168.50.127:3000
2026-01-29T06:39:20: 
2026-01-29T06:39:20:  ✓ Starting...
2026-01-29T06:39:20:  ✓ Ready in 187ms
2026-01-29T06:50:14: 
2026-01-29T06:50:14: > shadow-english@0.0.1 start /Users/zhaoxinyuan/projects/shadow
2026-01-29T06:50:14: > next start
2026-01-29T06:50:14: 
2026-01-29T06:50:14:    ▲ Next.js 15.4.7
2026-01-29T06:50:14:    - Local:        http://localhost:3000
2026-01-29T06:50:14:    - Network:      http://192.168.50.127:3000
2026-01-29T06:50:14: 
2026-01-29T06:50:14:  ✓ Starting...
2026-01-29T06:50:14:  ✓ Ready in 187ms
2026-01-29T06:56:58: TTS generated successfully for sentence 10306: https://oss.shadow.terriszhao.men/tts/audio/1769623018306_9zagvt3dmeo.mp3
2026-01-29T06:57:21: TTS generated successfully for sentence 10307: https://oss.shadow.terriszhao.men/tts/audio/1769623041189_co72agm2wm8.mp3
2026-01-29T06:58:03: TTS generated successfully for sentence 10308: https://oss.shadow.terriszhao.men/tts/audio/1769623083357_oeosjjj3occ.mp3
2026-01-29T06:58:14: TTS generated successfully for sentence 10309: https://oss.shadow.terriszhao.men/tts/audio/1769623094685_lkre3lokae.mp3
2026-01-29T06:58:24: TTS generated successfully for sentence 10310: https://oss.shadow.terriszhao.men/tts/audio/1769623104118_gt3dxoy6rj4.mp3
2026-02-03T06:59:23: 
2026-02-03T06:59:23: > shadow-english@0.0.1 start /Users/zhaoxinyuan/projects/shadow
2026-02-03T06:59:23: > next start
2026-02-03T06:59:23: 
2026-02-03T06:59:23:    ▲ Next.js 15.4.7
2026-02-03T06:59:23:    - Local:        http://localhost:3000
2026-02-03T06:59:23:    - Network:      http://192.168.50.127:3000
2026-02-03T06:59:23: 
2026-02-03T06:59:23:  ✓ Starting...
2026-02-03T06:59:23:  ✓ Ready in 205ms
2026-02-10T11:10:11: 
2026-02-10T11:10:11: > shadow-english@0.0.1 start /Users/zhaoxinyuan/projects/shadow
2026-02-10T11:10:11: > next start
2026-02-10T11:10:11: 
2026-02-10T11:10:12:    ▲ Next.js 15.4.7
2026-02-10T11:10:12:    - Local:        http://localhost:3000
2026-02-10T11:10:12:    - Network:      http://192.168.50.127:3000
2026-02-10T11:10:12: 
2026-02-10T11:10:12:  ✓ Starting...
2026-02-10T11:10:12:  ✓ Ready in 209ms
2026-02-14T08:10:21: 
2026-02-14T08:10:21: > shadow-english@0.0.1 start /Users/zhaoxinyuan/projects/shadow
2026-02-14T08:10:21: > next start
2026-02-14T08:10:21: 
2026-02-14T08:10:21:    ▲ Next.js 15.4.7
2026-02-14T08:10:21:    - Local:        http://localhost:3000
2026-02-14T08:10:21:    - Network:      http://192.168.50.127:3000
2026-02-14T08:10:21: 
2026-02-14T08:10:21:  ✓ Starting...
2026-02-14T08:10:21:  ✓ Ready in 197ms
2026-02-15T12:00:48: 
2026-02-15T12:00:48: > shadow-english@0.0.1 start /Users/zhaoxinyuan/projects/shadow
2026-02-15T12:00:48: > next start
2026-02-15T12:00:48: 
2026-02-15T12:00:49:    ▲ Next.js 15.4.7
2026-02-15T12:00:49:    - Local:        http://localhost:3000
2026-02-15T12:00:49:    - Network:      http://192.168.50.127:3000
2026-02-15T12:00:49: 
2026-02-15T12:00:49:  ✓ Starting...
2026-02-15T12:00:49:  ✓ Ready in 190ms
2026-02-15T14:06:34: 
2026-02-15T14:06:34: > shadow-english@0.0.1 start /Users/zhaoxinyuan/projects/shadow
2026-02-15T14:06:34: > next start
2026-02-15T14:06:34: 
2026-02-15T14:06:34:    ▲ Next.js 15.4.7
2026-02-15T14:06:34:    - Local:        http://localhost:3000
2026-02-15T14:06:34:    - Network:      http://192.168.50.127:3000
2026-02-15T14:06:34: 
2026-02-15T14:06:34:  ✓ Starting...
2026-02-15T14:06:34:  ✓ Ready in 198ms
2026-02-16T08:16:24: 
2026-02-16T08:16:24: > shadow-english@0.0.1 start /Users/zhaoxinyuan/projects/shadow
2026-02-16T08:16:24: > next start
2026-02-16T08:16:24: 
2026-02-16T08:16:24:    ▲ Next.js 15.4.7
2026-02-16T08:16:24:    - Local:        http://localhost:3000
2026-02-16T08:16:24:    - Network:      http://192.168.50.127:3000
2026-02-16T08:16:24: 
2026-02-16T08:16:24:  ✓ Starting...
2026-02-16T08:16:24:  ✓ Ready in 199ms
2026-02-16T19:36:17: 
2026-02-16T19:36:17: > shadow-english@0.0.1 start /Users/zhaoxinyuan/projects/shadow
2026-02-16T19:36:17: > next start
2026-02-16T19:36:17: 
2026-02-16T19:36:17:    ▲ Next.js 15.4.7
2026-02-16T19:36:17:    - Local:        http://localhost:3000
2026-02-16T19:36:17:    - Network:      http://192.168.50.127:3000
2026-02-16T19:36:17: 
2026-02-16T19:36:17:  ✓ Starting...
2026-02-16T19:36:17:  ✓ Ready in 189ms
2026-02-16T19:47:06: 
2026-02-16T19:47:06: > shadow-english@0.0.1 start /Users/zhaoxinyuan/projects/shadow
2026-02-16T19:47:06: > next start
2026-02-16T19:47:06: 
2026-02-16T19:47:06:    ▲ Next.js 15.4.7
2026-02-16T19:47:06:    - Local:        http://localhost:3000
2026-02-16T19:47:06:    - Network:      http://192.168.50.127:3000
2026-02-16T19:47:06: 
2026-02-16T19:47:06:  ✓ Starting...
2026-02-16T19:47:06:  ✓ Ready in 185ms
2026-02-16T20:07:05: 
2026-02-16T20:07:05: > shadow-english@0.0.1 start /Users/zhaoxinyuan/projects/shadow
2026-02-16T20:07:05: > next start
2026-02-16T20:07:05: 
2026-02-16T20:07:05:    ▲ Next.js 15.4.7
2026-02-16T20:07:05:    - Local:        http://localhost:3000
2026-02-16T20:07:05:    - Network:      http://192.168.50.127:3000
2026-02-16T20:07:05: 
2026-02-16T20:07:05:  ✓ Starting...
2026-02-16T20:07:05:  ✓ Ready in 198ms
2026-02-16T20:31:57: 
2026-02-16T20:31:57: > shadow-english@0.0.1 start /Users/zhaoxinyuan/projects/shadow
2026-02-16T20:31:57: > next start
2026-02-16T20:31:57: 
2026-02-16T20:31:57:    ▲ Next.js 15.4.7
2026-02-16T20:31:57:    - Local:        http://localhost:3000
2026-02-16T20:31:57:    - Network:      http://192.168.50.127:3000
2026-02-16T20:31:57: 
2026-02-16T20:31:57:  ✓ Starting...
2026-02-16T20:31:57:  ✓ Ready in 187ms
2026-02-16T20:37:54: 
2026-02-16T20:37:54: > shadow-english@0.0.1 start /Users/zhaoxinyuan/projects/shadow
2026-02-16T20:37:54: > next start
2026-02-16T20:37:54: 
2026-02-16T20:37:54:    ▲ Next.js 15.4.7
2026-02-16T20:37:54:    - Local:        http://localhost:3000
2026-02-16T20:37:54:    - Network:      http://192.168.50.127:3000
2026-02-16T20:37:54: 
2026-02-16T20:37:54:  ✓ Starting...
2026-02-16T20:37:54:  ✓ Ready in 186ms
2026-02-16T22:18:40: 
2026-02-16T22:18:40: > shadow-english@0.0.1 start /Users/zhaoxinyuan/projects/shadow
2026-02-16T22:18:40: > next start
2026-02-16T22:18:40: 
2026-02-16T22:18:40:    ▲ Next.js 15.4.7
2026-02-16T22:18:40:    - Local:        http://localhost:3000
2026-02-16T22:18:40:    - Network:      http://192.168.50.127:3000
2026-02-16T22:18:40: 
2026-02-16T22:18:40:  ✓ Starting...
2026-02-16T22:18:40:  ✓ Ready in 187ms
2026-02-16T23:36:17: 
2026-02-16T23:36:17: > shadow-english@0.0.1 start /Users/zhaoxinyuan/projects/shadow
2026-02-16T23:36:17: > next start
2026-02-16T23:36:17: 
2026-02-16T23:36:18:    ▲ Next.js 15.4.7
2026-02-16T23:36:18:    - Local:        http://localhost:3000
2026-02-16T23:36:18:    - Network:      http://192.168.50.127:3000
2026-02-16T23:36:18: 
2026-02-16T23:36:18:  ✓ Starting...
2026-02-16T23:36:18:  ✓ Ready in 185ms
2026-02-16T23:59:34: 
2026-02-16T23:59:34: > shadow-english@0.0.1 start /Users/zhaoxinyuan/projects/shadow
2026-02-16T23:59:34: > next start
2026-02-16T23:59:34: 
2026-02-16T23:59:35:    ▲ Next.js 15.4.7
2026-02-16T23:59:35:    - Local:        http://localhost:3000
2026-02-16T23:59:35:    - Network:      http://192.168.50.127:3000
2026-02-16T23:59:35: 
2026-02-16T23:59:35:  ✓ Starting...
2026-02-16T23:59:35:  ✓ Ready in 186ms
2026-02-17T08:50:07: 
2026-02-17T08:50:07: > shadow-english@0.0.1 start /Users/zhaoxinyuan/projects/shadow
2026-02-17T08:50:07: > next start
2026-02-17T08:50:07: 
2026-02-17T08:50:07:    ▲ Next.js 15.4.7
2026-02-17T08:50:07:    - Local:        http://localhost:3000
2026-02-17T08:50:07:    - Network:      http://192.168.50.127:3000
2026-02-17T08:50:07: 
2026-02-17T08:50:07:  ✓ Starting...
2026-02-17T08:50:07:  ✓ Ready in 186ms
